<?xml version="1.0" encoding="UTF-8"?>
<!-- Generated by org.testng.reporters.JUnitXMLReporter -->
<testsuite hostname="LAPTOP-JEI8AS0O" ignored="0" name="Dashboard Test" tests="2" failures="0" timestamp="2022-08-13T15:07:17 EDT" time="11.923" errors="0">
  <testcase name="GetDashboardQuickLaunchItems_004" time="0.752" classname="testcases.DashboardTest"/>
  <testcase name="GetDashboardQuickLaunchItemsCount_006" time="0.59" classname="testcases.DashboardTest"/>
</testsuite> <!-- Dashboard Test -->
