<?xml version="1.0" encoding="UTF-8"?>
<!-- Generated by org.testng.reporters.JUnitXMLReporter -->
<testsuite hostname="LAPTOP-JEI8AS0O" ignored="0" name="Login Test" tests="7" failures="0" timestamp="2022-08-13T15:22:48 EDT" time="35.136" errors="0">
  <testcase name="LoginSuccess_001" time="3.006" classname="testcases.LoginTest"/>
  <testcase name="LoginUnsuccessful_002" time="1.47" classname="testcases.LoginTest"/>
  <testcase name="ForgotPassword_003" time="0.874" classname="testcases.LoginTest"/>
  <testcase name="GetDashboardQuickLaunchItems_004" time="0.65" classname="testcases.DashboardTest"/>
  <testcase name="GetDashboardQuickLaunchItemsCount_006" time="0.32" classname="testcases.DashboardTest"/>
  <testcase name="getMyInfoSideMenuitems_005" time="1.406" classname="testcases.MyInfoTest"/>
  <testcase name="getMyInfoSideMenuitemsCount_007" time="0.911" classname="testcases.MyInfoTest"/>
</testsuite> <!-- Login Test -->
